\BOOKMARK [1][-]{section.1}{\376\377\000M\000o\000t\000i\000o\000n\000,\000\040\000f\000o\000r\000c\000e\000s\000\040\000a\000n\000d\000\040\000e\000n\000e\000r\000g\000y}{}% 1
\BOOKMARK [2][-]{subsection.1.1}{\376\377\000P\000h\000y\000s\000i\000c\000a\000l\000\040\000q\000u\000a\000n\000t\000i\000t\000i\000e\000s\000\040\000a\000n\000d\000\040\000m\000e\000a\000s\000u\000r\000e\000m\000e\000n\000t\000\040\000t\000e\000c\000h\000n\000i\000q\000u\000e\000s}{section.1}% 2
\BOOKMARK [2][-]{subsection.1.2}{\376\377\000M\000o\000t\000i\000o\000n}{section.1}% 3
\BOOKMARK [2][-]{subsection.1.3}{\376\377\000M\000a\000s\000s\000\040\000a\000n\000d\000\040\000w\000e\000i\000g\000h\000t}{section.1}% 4
\BOOKMARK [1][-]{section.2}{\376\377\000W\000a\000v\000e\000s}{}% 5
\BOOKMARK [2][-]{subsection.2.1}{\376\377\000G\000e\000n\000e\000r\000a\000l\000\040\000p\000r\000o\000p\000e\000r\000t\000i\000e\000s\000\040\000o\000f\000\040\000w\000a\000v\000e\000s}{section.2}% 6
\BOOKMARK [1][-]{section.3}{\376\377\000E\000l\000e\000c\000t\000r\000i\000c\000i\000t\000y\000\040\000a\000n\000d\000\040\000m\000a\000g\000n\000e\000t\000i\000s\000m}{}% 7
\BOOKMARK [2][-]{subsection.3.1}{\376\377\000S\000i\000m\000p\000l\000e\000\040\000m\000a\000g\000n\000e\000t\000i\000s\000m\000\040\000a\000n\000d\000\040\000m\000a\000g\000n\000e\000t\000i\000c\000\040\000f\000i\000e\000l\000d\000s}{section.3}% 8
\BOOKMARK [2][-]{subsection.3.2}{\376\377\000E\000l\000e\000c\000t\000r\000i\000c\000a\000l\000\040\000q\000u\000a\000n\000t\000i\000t\000i\000e\000s}{section.3}% 9
\BOOKMARK [3][-]{subsubsection.3.2.1}{\376\377\000E\000l\000e\000c\000t\000r\000i\000c\000a\000l\000\040\000c\000h\000a\000r\000g\000e}{subsection.3.2}% 10
\BOOKMARK [3][-]{subsubsection.3.2.2}{\376\377\000E\000l\000e\000c\000t\000r\000i\000c\000a\000l\000\040\000c\000u\000r\000r\000e\000n\000t}{subsection.3.2}% 11
\BOOKMARK [3][-]{subsubsection.3.2.3}{\376\377\000E\000l\000e\000c\000t\000r\000o\000m\000o\000t\000i\000v\000e\000\040\000f\000o\000r\000c\000e\000\040\000a\000n\000d\000\040\000p\000o\000t\000e\000n\000t\000i\000a\000l\000\040\000d\000i\000f\000f\000e\000r\000e\000n\000c\000e}{subsection.3.2}% 12
\BOOKMARK [3][-]{subsubsection.3.2.4}{\376\377\000R\000e\000s\000i\000s\000t\000a\000n\000c\000e}{subsection.3.2}% 13
\BOOKMARK [2][-]{subsection.3.3}{\376\377\000E\000l\000e\000c\000t\000r\000i\000c\000\040\000c\000i\000r\000c\000u\000i\000t\000s}{section.3}% 14
\BOOKMARK [3][-]{subsubsection.3.3.1}{\376\377\000C\000i\000r\000c\000u\000i\000t\000\040\000d\000i\000a\000g\000r\000a\000m\000s\000\040\000a\000n\000d\000\040\000c\000i\000r\000c\000u\000i\000t\000\040\000c\000o\000m\000p\000o\000n\000e\000n\000t\000s}{subsection.3.3}% 15
\BOOKMARK [3][-]{subsubsection.3.3.2}{\376\377\000S\000e\000r\000i\000e\000s\000\040\000a\000n\000d\000\040\000p\000a\000r\000a\000l\000l\000e\000l\000\040\000c\000i\000r\000c\000u\000i\000t\000s}{subsection.3.3}% 16
\BOOKMARK [3][-]{subsubsection.3.3.3}{\376\377\000A\000c\000t\000i\000o\000n\000\040\000a\000n\000d\000\040\000u\000s\000e\000\040\000o\000f\000\040\000c\000i\000r\000c\000u\000i\000t\000\040\000c\000o\000m\000p\000o\000n\000e\000n\000t\000s}{subsection.3.3}% 17
\BOOKMARK [2][-]{subsection.3.4}{\376\377\000P\000r\000a\000c\000t\000i\000c\000a\000l\000\040\000e\000l\000e\000c\000t\000r\000i\000c\000i\000t\000y}{section.3}% 18
\BOOKMARK [3][-]{subsubsection.3.4.1}{\376\377\000U\000s\000e\000s\000\040\000o\000f\000\040\000e\000l\000e\000c\000t\000r\000i\000c\000i\000t\000y}{subsection.3.4}% 19
\BOOKMARK [3][-]{subsubsection.3.4.2}{\376\377\000E\000l\000e\000c\000t\000r\000i\000c\000a\000l\000\040\000s\000a\000f\000e\000t\000y}{subsection.3.4}% 20
\BOOKMARK [1][-]{section.4}{\376\377\000N\000u\000c\000l\000e\000a\000r\000\040\000p\000h\000y\000s\000i\000c\000s}{}% 21
\BOOKMARK [2][-]{subsection.4.1}{\376\377\000T\000h\000e\000\040\000n\000u\000c\000l\000e\000a\000r\000\040\000m\000o\000d\000e\000l\000\040\000o\000f\000\040\000t\000h\000e\000\040\000a\000t\000o\000m}{section.4}% 22
\BOOKMARK [3][-]{subsubsection.4.1.1}{\376\377\000T\000h\000e\000\040\000a\000t\000o\000m}{subsection.4.1}% 23
\BOOKMARK [3][-]{subsubsection.4.1.2}{\376\377\000T\000h\000e\000\040\000n\000u\000c\000l\000e\000u\000s}{subsection.4.1}% 24
\BOOKMARK [2][-]{subsection.4.2}{\376\377\000R\000a\000d\000i\000o\000a\000c\000t\000i\000v\000i\000t\000y}{section.4}% 25
\BOOKMARK [3][-]{subsubsection.4.2.1}{\376\377\000D\000e\000t\000e\000c\000t\000i\000o\000n\000\040\000o\000f\000\040\000r\000a\000d\000i\000o\000a\000c\000t\000i\000v\000i\000t\000y}{subsection.4.2}% 26
\BOOKMARK [3][-]{subsubsection.4.2.2}{\376\377\000T\000h\000e\000\040\000t\000h\000r\000e\000e\000\040\000t\000y\000p\000e\000s\000\040\000o\000f\000\040\000e\000m\000i\000s\000s\000i\000o\000n}{subsection.4.2}% 27
\BOOKMARK [3][-]{subsubsection.4.2.3}{\376\377\000R\000a\000d\000i\000o\000a\000c\000t\000i\000v\000e\000\040\000d\000e\000c\000a\000y}{subsection.4.2}% 28
\BOOKMARK [3][-]{subsubsection.4.2.4}{\376\377\000F\000i\000s\000s\000i\000o\000n\000\040\000a\000n\000d\000\040\000f\000u\000s\000i\000o\000n}{subsection.4.2}% 29
\BOOKMARK [3][-]{subsubsection.4.2.5}{\376\377\000H\000a\000l\000f\000-\000l\000i\000f\000e}{subsection.4.2}% 30
\BOOKMARK [3][-]{subsubsection.4.2.6}{\376\377\000S\000a\000f\000e\000t\000y\000\040\000p\000r\000e\000c\000a\000u\000t\000i\000o\000n\000s}{subsection.4.2}% 31
\BOOKMARK [1][-]{section.5}{\376\377\000S\000p\000a\000c\000e\000\040\000p\000h\000y\000s\000i\000c\000s}{}% 32
\BOOKMARK [2][-]{subsection.5.1}{\376\377\000E\000a\000r\000t\000h\000\040\000a\000n\000d\000\040\000t\000h\000e\000\040\000S\000o\000l\000a\000r\000\040\000S\000y\000s\000t\000e\000m}{section.5}% 33
\BOOKMARK [3][-]{subsubsection.5.1.1}{\376\377\000T\000h\000e\000\040\000E\000a\000r\000t\000h}{subsection.5.1}% 34
\BOOKMARK [3][-]{subsubsection.5.1.2}{\376\377\000T\000h\000e\000\040\000S\000o\000l\000a\000r\000\040\000S\000y\000s\000t\000e\000m}{subsection.5.1}% 35
\BOOKMARK [3][-]{subsubsection.5.1.3}{\376\377\000T\000h\000e\000\040\000S\000u\000n\000\040\000a\000s\000\040\000a\000\040\000s\000t\000a\000r}{subsection.5.1}% 36
\BOOKMARK [3][-]{subsubsection.5.1.4}{\376\377\000S\000t\000a\000r\000s}{subsection.5.1}% 37
\BOOKMARK [3][-]{subsubsection.5.1.5}{\376\377\000T\000h\000e\000\040\000U\000n\000i\000v\000e\000r\000s\000e}{subsection.5.1}% 38
\BOOKMARK [1][-]{section.6}{\376\377\000O\000v\000e\000r\000a\000l\000l}{}% 39
\BOOKMARK [2][-]{subsection.6.1}{\376\377\000Q\000u\000a\000n\000t\000i\000t\000a\000t\000i\000v\000e\000\040\000n\000o\000t\000a\000t\000i\000o\000n}{section.6}% 40
\BOOKMARK [2][-]{subsection.6.2}{\376\377\000G\000r\000a\000p\000h\000s}{section.6}% 41
